
(waybar:5977): Gtk-WARNING **: 11:36:31.658: Theme parsing error: gtk.css:6703:68: Invalid name of pseudo-class
[2024-03-27 11:36:31.699] [info] Using configuration file /home/pavel/.config/waybar//config
[2024-03-27 11:36:31.704] [info] Using CSS file /home/pavel/.config/waybar//style.css
[2024-03-27 11:36:31.721] [info] Hyprland IPC starting
[2024-03-27 11:36:31.760] [error] Hyprland IPC: Couldn't get host (2)
[2024-03-27 11:36:31.761] [warning] module hyprland/window: Disabling module "hyprland/window", Error parsing JSON: * Line 1, Column 1
  Syntax error: value, object or array expected.

[2024-03-27 11:36:31.774] [error] Hyprland IPC: Couldn't get host (2)
[2024-03-27 11:36:31.775] [warning] module hyprland/workspaces: Disabling module "hyprland/workspaces", Error parsing JSON: * Line 1, Column 1
  Syntax error: value, object or array expected.

[2024-03-27 11:36:32.076] [info] Bar configured (width: 1920, height: 27) for output: eDP-1

(waybar:5977): LIBDBUSMENU-GLIB-WARNING **: 16:23:18.981: Unable to replace properties on 0: Error getting properties for ID

(waybar:5977): LIBDBUSMENU-GLIB-WARNING **: 16:23:19.266: Unable to replace properties on 0: Error getting properties for ID

(waybar:5977): LIBDBUSMENU-GLIB-WARNING **: 16:23:19.366: Unable to replace properties on 0: Error getting properties for ID

(waybar:5977): LIBDBUSMENU-GLIB-WARNING **: 16:23:19.467: Unable to replace properties on 0: Error getting properties for ID

(waybar:5977): LIBDBUSMENU-GLIB-WARNING **: 16:23:19.567: Unable to replace properties on 0: Error getting properties for ID

(waybar:5977): LIBDBUSMENU-GLIB-WARNING **: 16:47:05.931: Unable to replace properties on 0: Error getting properties for ID

(waybar:5977): LIBDBUSMENU-GLIB-WARNING **: 16:47:06.266: Unable to replace properties on 0: Error getting properties for ID

(waybar:5977): LIBDBUSMENU-GLIB-WARNING **: 16:47:06.365: Unable to replace properties on 0: Error getting properties for ID

(waybar:5977): LIBDBUSMENU-GLIB-WARNING **: 16:47:06.464: Unable to replace properties on 0: Error getting properties for ID

(waybar:5977): LIBDBUSMENU-GLIB-WARNING **: 16:47:06.567: Unable to replace properties on 0: Error getting properties for ID

(waybar:5977): LIBDBUSMENU-GLIB-WARNING **: 16:47:06.669: Unable to replace properties on 0: Error getting properties for ID

(waybar:5977): LIBDBUSMENU-GLIB-WARNING **: 10:51:40.663: Unable to replace properties on 0: Error getting properties for ID

(waybar:5977): LIBDBUSMENU-GLIB-WARNING **: 10:51:41.494: Unable to replace properties on 0: Error getting properties for ID

(waybar:5977): LIBDBUSMENU-GLIB-WARNING **: 10:51:41.566: Unable to replace properties on 0: Error getting properties for ID
